0 info it worked if it ends with ok
1 verbose cli [ '/usr/bin/nodejs', '/usr/bin/npm', 'install', 'cmd.js' ]
2 info using npm@3.5.2
3 info using node@v4.2.6
4 silly loadCurrentTree Starting
5 silly install loadCurrentTree
6 silly install readLocalPackageData
7 silly fetchPackageMetaData cmd.js
8 silly fetchOtherPackageData cmd.js
9 silly cache add args [ 'cmd.js', null ]
10 verbose cache add spec cmd.js
11 silly cache add parsed spec Result {
11 silly cache add   raw: 'cmd.js',
11 silly cache add   scope: null,
11 silly cache add   name: null,
11 silly cache add   rawSpec: 'cmd.js',
11 silly cache add   spec: '/home/eniware/git/org.eniware.central/eniware-db-setup/postgres/plv8/cmd.js',
11 silly cache add   type: 'local' }
12 silly addLocalTarball shasum (computed) 17661cf4fd654b7eb5f535d6e0688e797db69b4f
13 verbose addTmpTarball /home/eniware/git/org.eniware.central/eniware-db-setup/postgres/plv8/cmd.js not in flight; adding
14 verbose addTmpTarball validating metadata from /home/eniware/git/org.eniware.central/eniware-db-setup/postgres/plv8/cmd.js
15 verbose tar unpack /home/eniware/git/org.eniware.central/eniware-db-setup/postgres/plv8/cmd.js
16 verbose tar unpacking to /tmp/npm-31612-c7ef3a97/unpack-b4a84b78
17 silly gentlyRm /tmp/npm-31612-c7ef3a97/unpack-b4a84b78 is being purged
18 verbose gentlyRm don't care about contents; nuking /tmp/npm-31612-c7ef3a97/unpack-b4a84b78
19 silly gunzTarPerm modes [ '775', '664' ]
20 error not a package /home/eniware/git/org.eniware.central/eniware-db-setup/postgres/plv8/cmd.js
21 error addLocal Could not install /home/eniware/git/org.eniware.central/eniware-db-setup/postgres/plv8/cmd.js
22 silly fetchPackageMetaData Error: ENOENT: no such file or directory, open '/tmp/npm-31612-c7ef3a97/unpack-b4a84b78/package.json'
22 silly fetchPackageMetaData     at Error (native)
22 silly fetchPackageMetaData  error for cmd.js { [Error: ENOENT: no such file or directory, open '/tmp/npm-31612-c7ef3a97/unpack-b4a84b78/package.json']
22 silly fetchPackageMetaData   errno: -2,
22 silly fetchPackageMetaData   code: 'ENOENT',
22 silly fetchPackageMetaData   syscall: 'open',
22 silly fetchPackageMetaData   path: '/tmp/npm-31612-c7ef3a97/unpack-b4a84b78/package.json' }
23 silly rollbackFailedOptional Starting
24 silly rollbackFailedOptional Finishing
25 silly runTopLevelLifecycles Starting
26 silly runTopLevelLifecycles Finishing
27 silly install printInstalled
28 verbose stack Error: ENOENT: no such file or directory, open '/tmp/npm-31612-c7ef3a97/unpack-b4a84b78/package.json'
28 verbose stack     at Error (native)
29 verbose cwd /home/eniware/git/org.eniware.central/eniware-db-setup/postgres/plv8
30 error Linux 4.4.0-109-generic
31 error argv "/usr/bin/nodejs" "/usr/bin/npm" "install" "cmd.js"
32 error node v4.2.6
33 error npm  v3.5.2
34 error path /tmp/npm-31612-c7ef3a97/unpack-b4a84b78/package.json
35 error code ENOENT
36 error errno -2
37 error syscall open
38 error enoent ENOENT: no such file or directory, open '/tmp/npm-31612-c7ef3a97/unpack-b4a84b78/package.json'
39 error enoent ENOENT: no such file or directory, open '/tmp/npm-31612-c7ef3a97/unpack-b4a84b78/package.json'
39 error enoent This is most likely not a problem with npm itself
39 error enoent and is related to npm not being able to find a file.
40 verbose exit [ -2, true ]
